<?xml version="1.0" encoding="UTF-8"?>
<testng-results skipped="0" failed="0" total="1" passed="1">
  <reporter-output>
  </reporter-output>
  <suite name="Default suite" duration-ms="50615" started-at="2017-04-10T09:12:33Z" finished-at="2017-04-10T09:13:24Z">
    <groups>
    </groups>
    <test name="Default test" duration-ms="50615" started-at="2017-04-10T09:12:33Z" finished-at="2017-04-10T09:13:24Z">
      <class name="NewTest">
        <test-method status="PASS" signature="Setup()[pri:0, instance:NewTest@28d25987]" name="Setup" is-config="true" duration-ms="6512" started-at="2017-04-10T12:12:33Z" finished-at="2017-04-10T12:12:40Z">
          <reporter-output>
          </reporter-output>
        </test-method> <!-- Setup -->
        <test-method status="PASS" signature="SimpleTest()[pri:0, instance:NewTest@28d25987]" name="SimpleTest" duration-ms="44085" started-at="2017-04-10T12:12:40Z" finished-at="2017-04-10T12:13:24Z">
          <reporter-output>
          </reporter-output>
        </test-method> <!-- SimpleTest -->
      </class> <!-- NewTest -->
    </test> <!-- Default test -->
  </suite> <!-- Default suite -->
</testng-results>
